0 info it worked if it ends with ok
1 verbose cli [ '/usr/local/bin/node',
1 verbose cli   '/usr/local/bin/npm',
1 verbose cli   'install',
1 verbose cli   '-g',
1 verbose cli   'nib' ]
2 info using npm@2.14.7
3 info using node@v4.2.2
4 verbose install initial load of /usr/local/lib/package.json
5 verbose readDependencies loading dependencies from /usr/local/lib/package.json
6 silly cache add args [ 'nib', null ]
7 verbose cache add spec nib
8 silly cache add parsed spec Result {
8 silly cache add   raw: 'nib',
8 silly cache add   scope: null,
8 silly cache add   name: 'nib',
8 silly cache add   rawSpec: '',
8 silly cache add   spec: '*',
8 silly cache add   type: 'range' }
9 silly addNamed nib@*
10 verbose addNamed "*" is a valid semver range for nib
11 silly addNameRange { name: 'nib', range: '*', hasData: false }
12 silly mapToRegistry name nib
13 silly mapToRegistry using default registry
14 silly mapToRegistry registry https://registry.npmjs.org/
15 silly mapToRegistry uri https://registry.npmjs.org/nib
16 verbose addNameRange registry:https://registry.npmjs.org/nib not in flight; fetching
17 verbose request uri https://registry.npmjs.org/nib
18 verbose request no auth needed
19 info attempt registry request try #1 at 8:58:28 PM
20 verbose request id 0e3909bc35ead65f
21 verbose etag "AYRBT95JLCB3W9NLRP6CX31X8"
22 http request GET https://registry.npmjs.org/nib
23 http 304 https://registry.npmjs.org/nib
24 verbose headers { date: 'Wed, 11 Nov 2015 20:58:28 GMT',
24 verbose headers   via: '1.1 varnish',
24 verbose headers   'cache-control': 'max-age=60',
24 verbose headers   etag: '"AYRBT95JLCB3W9NLRP6CX31X8"',
24 verbose headers   age: '0',
24 verbose headers   connection: 'keep-alive',
24 verbose headers   'x-served-by': 'cache-ams4123-AMS',
24 verbose headers   'x-cache': 'HIT',
24 verbose headers   'x-cache-hits': '1',
24 verbose headers   'x-timer': 'S1447275508.628456,VS0,VE180',
24 verbose headers   vary: 'Accept' }
25 silly get cb [ 304,
25 silly get   { date: 'Wed, 11 Nov 2015 20:58:28 GMT',
25 silly get     via: '1.1 varnish',
25 silly get     'cache-control': 'max-age=60',
25 silly get     etag: '"AYRBT95JLCB3W9NLRP6CX31X8"',
25 silly get     age: '0',
25 silly get     connection: 'keep-alive',
25 silly get     'x-served-by': 'cache-ams4123-AMS',
25 silly get     'x-cache': 'HIT',
25 silly get     'x-cache-hits': '1',
25 silly get     'x-timer': 'S1447275508.628456,VS0,VE180',
25 silly get     vary: 'Accept' } ]
26 verbose etag https://registry.npmjs.org/nib from cache
27 verbose get saving nib to /Users/jpcpamies/.npm/registry.npmjs.org/nib/.cache.json
28 silly addNameRange number 2 { name: 'nib', range: '*', hasData: true }
29 silly addNameRange versions [ 'nib',
29 silly addNameRange   [ '0.0.1',
29 silly addNameRange     '0.0.2',
29 silly addNameRange     '0.0.3',
29 silly addNameRange     '0.0.4',
29 silly addNameRange     '0.0.5',
29 silly addNameRange     '0.0.6',
29 silly addNameRange     '0.0.7',
29 silly addNameRange     '0.0.8',
29 silly addNameRange     '0.1.0',
29 silly addNameRange     '0.2.0',
29 silly addNameRange     '0.3.0',
29 silly addNameRange     '0.3.1',
29 silly addNameRange     '0.3.2',
29 silly addNameRange     '0.4.0',
29 silly addNameRange     '0.4.1',
29 silly addNameRange     '0.5.0',
29 silly addNameRange     '0.6.0',
29 silly addNameRange     '0.7.0',
29 silly addNameRange     '0.7.1',
29 silly addNameRange     '0.8.1',
29 silly addNameRange     '0.8.2',
29 silly addNameRange     '0.9.0',
29 silly addNameRange     '0.9.1',
29 silly addNameRange     '0.9.2',
29 silly addNameRange     '1.0.0',
29 silly addNameRange     '1.0.1',
29 silly addNameRange     '1.0.2',
29 silly addNameRange     '1.0.3',
29 silly addNameRange     '1.0.4',
29 silly addNameRange     '1.1.0' ] ]
30 silly addNamed nib@1.1.0
31 verbose addNamed "1.1.0" is a plain semver version for nib
32 silly cache afterAdd nib@1.1.0
33 verbose afterAdd /Users/jpcpamies/.npm/nib/1.1.0/package/package.json not in flight; writing
34 verbose afterAdd /Users/jpcpamies/.npm/nib/1.1.0/package/package.json written
35 silly install resolved [ { name: 'nib',
35 silly install resolved     description: 'Stylus mixins and utilities',
35 silly install resolved     version: '1.1.0',
35 silly install resolved     license: 'MIT',
35 silly install resolved     repository: { type: 'git', url: 'git://github.com/visionmedia/nib.git' },
35 silly install resolved     dependencies: { stylus: '0.49.x' },
35 silly install resolved     devDependencies: { connect: '1.x', jade: '0.22.0', mocha: '*', should: '*' },
35 silly install resolved     author: { name: 'TJ Holowaychuk', email: 'tj@vision-media.ca' },
35 silly install resolved     main: 'lib/nib.js',
35 silly install resolved     engines: { node: '*' },
35 silly install resolved     scripts: { test: 'mocha', 'test-server': 'node test/server.js' },
35 silly install resolved     gitHead: '061612cf80110e53ef5a3749980e0bf4cdc124fa',
35 silly install resolved     bugs: { url: 'https://github.com/visionmedia/nib/issues' },
35 silly install resolved     homepage: 'https://github.com/visionmedia/nib',
35 silly install resolved     _id: 'nib@1.1.0',
35 silly install resolved     _shasum: '527c19662a10a2b565fe85e9b309d622aa7557d3',
35 silly install resolved     _from: 'nib@*',
35 silly install resolved     _npmVersion: '1.4.28',
35 silly install resolved     _npmUser: { name: 'slang800', email: 'slang800@gmail.com' },
35 silly install resolved     maintainers: [ [Object], [Object] ],
35 silly install resolved     dist:
35 silly install resolved      { shasum: '527c19662a10a2b565fe85e9b309d622aa7557d3',
35 silly install resolved        tarball: 'http://registry.npmjs.org/nib/-/nib-1.1.0.tgz' },
35 silly install resolved     directories: {},
35 silly install resolved     _resolved: 'https://registry.npmjs.org/nib/-/nib-1.1.0.tgz',
35 silly install resolved     readme: 'ERROR: No README data found!' } ]
36 info install nib@1.1.0 into /usr/local/lib
37 info installOne nib@1.1.0
38 verbose installOne of nib to /usr/local/lib not in flight; installing
39 verbose lock using /Users/jpcpamies/.npm/_locks/nib-2ed777f4c65ad693.lock for /usr/local/lib/node_modules/nib
40 silly install write writing nib 1.1.0 to /usr/local/lib/node_modules/nib
41 verbose unbuild lib/node_modules/nib
42 silly gentlyRm /usr/local/lib/node_modules/nib is being purged from base /usr/local
43 verbose gentlyRm don't care about contents; nuking /usr/local/lib/node_modules/nib
44 verbose tar unpack /Users/jpcpamies/.npm/nib/1.1.0/package.tgz
45 verbose tar unpacking to /usr/local/lib/node_modules/nib
46 silly gentlyRm /usr/local/lib/node_modules/nib is being purged
47 verbose gentlyRm don't care about contents; nuking /usr/local/lib/node_modules/nib
48 silly gunzTarPerm modes [ '755', '644' ]
49 error tar.unpack untar error /Users/jpcpamies/.npm/nib/1.1.0/package.tgz
50 verbose unlock done using /Users/jpcpamies/.npm/_locks/nib-2ed777f4c65ad693.lock for /usr/local/lib/node_modules/nib
51 verbose fstream_path /usr/local/lib/node_modules/nib
52 verbose fstream_type Directory
53 verbose fstream_class DirWriter
54 verbose stack Error: EACCES: permission denied, mkdir '/usr/local/lib/node_modules/nib'
54 verbose stack     at Error (native)
55 verbose fstream_stack /usr/local/lib/node_modules/npm/node_modules/fstream/lib/dir-writer.js:35:25
55 verbose fstream_stack /usr/local/lib/node_modules/npm/node_modules/mkdirp/index.js:47:53
55 verbose fstream_stack FSReqWrap.oncomplete (fs.js:82:15)
56 verbose cwd /Users/jpcpamies/Proyectos/Github/Project/pr-becomingtec_splash
57 error Darwin 15.0.0
58 error argv "/usr/local/bin/node" "/usr/local/bin/npm" "install" "-g" "nib"
59 error node v4.2.2
60 error npm  v2.14.7
61 error path /usr/local/lib/node_modules/nib
62 error code EACCES
63 error errno -13
64 error syscall mkdir
65 error Error: EACCES: permission denied, mkdir '/usr/local/lib/node_modules/nib'
65 error     at Error (native)
65 error  { [Error: EACCES: permission denied, mkdir '/usr/local/lib/node_modules/nib']
65 error   errno: -13,
65 error   code: 'EACCES',
65 error   syscall: 'mkdir',
65 error   path: '/usr/local/lib/node_modules/nib',
65 error   fstream_type: 'Directory',
65 error   fstream_path: '/usr/local/lib/node_modules/nib',
65 error   fstream_class: 'DirWriter',
65 error   fstream_stack:
65 error    [ '/usr/local/lib/node_modules/npm/node_modules/fstream/lib/dir-writer.js:35:25',
65 error      '/usr/local/lib/node_modules/npm/node_modules/mkdirp/index.js:47:53',
65 error      'FSReqWrap.oncomplete (fs.js:82:15)' ] }
66 error Please try running this command again as root/Administrator.
67 verbose exit [ -13, true ]
68 verbose unbuild lib/node_modules/nib
69 silly gentlyRm /usr/local/lib/node_modules/nib is being purged from base /usr/local
70 verbose gentlyRm don't care about contents; nuking /usr/local/lib/node_modules/nib
